<?xml version="1.0" encoding="UTF-8"?>
<testng-results ignored="0" total="1" passed="1" failed="0" skipped="0">
  <reporter-output>
    <line>
      <![CDATA[Open Browser]]>
    </line>
    <line>
      <![CDATA[Login]]>
    </line>
    <line>
      <![CDATA[Customer module]]>
    </line>
    <line>
      <![CDATA[Log Out]]>
    </line>
    <line>
      <![CDATA[Close Browser]]>
    </line>
  </reporter-output>
  <suite started-at="2022-08-26T18:11:45 IST" name="Default suite" finished-at="2022-08-26T18:12:25 IST" duration-ms="39576">
    <groups>
    </groups>
    <test started-at="2022-08-26T18:11:45 IST" name="Default test" finished-at="2022-08-26T18:12:25 IST" duration-ms="39576">
      <class name="com.acttime.testscript.CustomerModule">
        <test-method is-config="true" signature="openBrowser()[pri:0, instance:com.acttime.testscript.CustomerModule@5fbdfdcf]" started-at="2022-08-26T18:11:45 IST" name="openBrowser" finished-at="2022-08-26T18:12:13 IST" duration-ms="27353" status="PASS">
          <reporter-output>
            <line>
              <![CDATA[Open Browser]]>
            </line>
          </reporter-output>
        </test-method> <!-- openBrowser -->
        <test-method is-config="true" signature="login()[pri:0, instance:com.acttime.testscript.CustomerModule@5fbdfdcf]" started-at="2022-08-26T18:12:13 IST" name="login" finished-at="2022-08-26T18:12:13 IST" duration-ms="211" status="PASS">
          <reporter-output>
            <line>
              <![CDATA[Login]]>
            </line>
          </reporter-output>
        </test-method> <!-- login -->
        <test-method signature="testClass()[pri:0, instance:com.acttime.testscript.CustomerModule@5fbdfdcf]" started-at="2022-08-26T18:12:13 IST" name="testClass" finished-at="2022-08-26T18:12:25 IST" duration-ms="11967" status="PASS">
          <reporter-output>
            <line>
              <![CDATA[Customer module]]>
            </line>
          </reporter-output>
        </test-method> <!-- testClass -->
        <test-method is-config="true" signature="logout()[pri:0, instance:com.acttime.testscript.CustomerModule@5fbdfdcf]" started-at="2022-08-26T18:12:25 IST" name="logout" finished-at="2022-08-26T18:12:25 IST" duration-ms="0" status="PASS">
          <reporter-output>
            <line>
              <![CDATA[Log Out]]>
            </line>
          </reporter-output>
        </test-method> <!-- logout -->
        <test-method is-config="true" signature="closeBrowser()[pri:0, instance:com.acttime.testscript.CustomerModule@5fbdfdcf]" started-at="2022-08-26T18:12:25 IST" name="closeBrowser" finished-at="2022-08-26T18:12:25 IST" duration-ms="1" status="PASS">
          <reporter-output>
            <line>
              <![CDATA[Close Browser]]>
            </line>
          </reporter-output>
        </test-method> <!-- closeBrowser -->
      </class> <!-- com.acttime.testscript.CustomerModule -->
    </test> <!-- Default test -->
  </suite> <!-- Default suite -->
</testng-results>
